<?xml version="1.0" encoding="UTF-8"?>
<robot generator="Robot 6.1.1 (Python 3.11.3 on win32)" generated="20230905 23:04:57.925" rpa="false" schemaversion="4">
<suite id="s1" name="Jsonread" source="C:\Users\HP\PycharmProjects\RobotFramework\JSONfilehandling\jsonread.robot">
<test id="s1-t1" name="Robot First Test Case" line="11">
<kw name="Open Browser" library="SeleniumLibrary">
<arg>${URL}</arg>
<arg>${Browser}</arg>
<doc>Opens a new browser instance to the optional ``url``.</doc>
<msg timestamp="20230905 23:04:59.610" level="INFO">Opening browser 'Chrome' to base url 'https://practice.automationtesting.in/my-account'.</msg>
<status status="PASS" starttime="20230905 23:04:59.609" endtime="20230905 23:05:34.278"/>
</kw>
<kw name="Maximize Browser Window" library="SeleniumLibrary">
<doc>Maximizes current browser window.</doc>
<status status="PASS" starttime="20230905 23:05:34.279" endtime="20230905 23:05:34.477"/>
</kw>
<kw name="Read Element Locator">
<var>${username}</var>
<arg>Login.username_textbox_id</arg>
<kw name="Read Locator From Json" library="locators">
<var>${result}</var>
<arg>${JsonPath}</arg>
<msg timestamp="20230905 23:05:34.479" level="FAIL">JSONDecodeError: Expecting property name enclosed in double quotes: line 8 column 3 (char 132)</msg>
<status status="FAIL" starttime="20230905 23:05:34.478" endtime="20230905 23:05:34.506"/>
</kw>
<status status="FAIL" starttime="20230905 23:05:34.478" endtime="20230905 23:05:34.508"/>
</kw>
<kw name="Read Element Locator">
<var>${password}</var>
<arg>Login.password_textbox_id</arg>
<status status="NOT RUN" starttime="20230905 23:05:34.514" endtime="20230905 23:05:34.514"/>
</kw>
<kw name="Read Element Locator">
<var>${loginbutton}</var>
<arg>Login.click_button_name</arg>
<status status="NOT RUN" starttime="20230905 23:05:34.515" endtime="20230905 23:05:34.515"/>
</kw>
<kw name="Input Text" library="SeleniumLibrary">
<arg>id:${username}</arg>
<arg>varniktech@gmail.com</arg>
<doc>Types the given ``text`` into the text field identified by ``locator``.</doc>
<status status="NOT RUN" starttime="20230905 23:05:34.522" endtime="20230905 23:05:34.523"/>
</kw>
<kw name="Input Text" library="SeleniumLibrary">
<arg>id:${password}</arg>
<arg>varnik@123</arg>
<doc>Types the given ``text`` into the text field identified by ``locator``.</doc>
<status status="NOT RUN" starttime="20230905 23:05:34.537" endtime="20230905 23:05:34.537"/>
</kw>
<kw name="Click Button" library="SeleniumLibrary">
<arg>name:${loginbutton}</arg>
<doc>Clicks the button identified by ``locator``.</doc>
<status status="NOT RUN" starttime="20230905 23:05:34.538" endtime="20230905 23:05:34.538"/>
</kw>
<status status="FAIL" starttime="20230905 23:04:59.607" endtime="20230905 23:05:34.541">JSONDecodeError: Expecting property name enclosed in double quotes: line 8 column 3 (char 132)</status>
</test>
<status status="FAIL" starttime="20230905 23:04:57.929" endtime="20230905 23:05:34.563"/>
</suite>
<statistics>
<total>
<stat pass="0" fail="1" skip="0">All Tests</stat>
</total>
<tag>
</tag>
<suite>
<stat pass="0" fail="1" skip="0" id="s1" name="Jsonread">Jsonread</stat>
</suite>
</statistics>
<errors>
</errors>
</robot>
