<?xml version="1.0" encoding="UTF-8"?>
<robot generator="Robot 6.1.1 (Python 3.11.3 on win32)" generated="20230830 22:15:21.394" rpa="false" schemaversion="4">
<suite id="s1" name="TC 007" source="C:\Users\HP\PycharmProjects\RobotFramework\Testcases\TC_007.robot">
<test id="s1-t1" name="List Test" line="7">
<kw name="Create List" library="BuiltIn">
<var>${List1}</var>
<arg>Hello</arg>
<arg>33</arg>
<arg>44</arg>
<arg>world</arg>
<arg>abcd1234</arg>
<doc>Returns a list containing given items.</doc>
<msg timestamp="20230830 22:15:21.859" level="INFO">${List1} = ['Hello', '33', '44', 'world', 'abcd1234']</msg>
<status status="PASS" starttime="20230830 22:15:21.859" endtime="20230830 22:15:21.859"/>
</kw>
<kw name="Get Length" library="BuiltIn">
<var>${list_length}</var>
<arg>${List1}</arg>
<doc>Returns and logs the length of the given item as an integer.</doc>
<msg timestamp="20230830 22:15:21.860" level="INFO">Length is 5</msg>
<msg timestamp="20230830 22:15:21.860" level="INFO">${list_length} = 5</msg>
<status status="PASS" starttime="20230830 22:15:21.860" endtime="20230830 22:15:21.860"/>
</kw>
<kw name="Log To Console" library="BuiltIn">
<arg>${list_length}</arg>
<doc>Logs the given message to the console.</doc>
<status status="PASS" starttime="20230830 22:15:21.860" endtime="20230830 22:15:21.861"/>
</kw>
<kw name="Get Index From List" library="Collections">
<var>${list_data}</var>
<arg>${List1}</arg>
<doc>Returns the index of the first occurrence of the ``value`` on the list.</doc>
<msg timestamp="20230830 22:15:21.861" level="FAIL">Keyword 'Collections.Get Index From List' expected 2 to 4 arguments, got 1.</msg>
<status status="FAIL" starttime="20230830 22:15:21.861" endtime="20230830 22:15:21.861"/>
</kw>
<kw name="Log To Console" library="BuiltIn">
<arg>${list_data}</arg>
<doc>Logs the given message to the console.</doc>
<status status="NOT RUN" starttime="20230830 22:15:21.862" endtime="20230830 22:15:21.862"/>
</kw>
<status status="FAIL" starttime="20230830 22:15:21.858" endtime="20230830 22:15:21.862">Keyword 'Collections.Get Index From List' expected 2 to 4 arguments, got 1.</status>
</test>
<status status="FAIL" starttime="20230830 22:15:21.398" endtime="20230830 22:15:21.863"/>
</suite>
<statistics>
<total>
<stat pass="0" fail="1" skip="0">All Tests</stat>
</total>
<tag>
</tag>
<suite>
<stat pass="0" fail="1" skip="0" id="s1" name="TC 007">TC 007</stat>
</suite>
</statistics>
<errors>
</errors>
</robot>
