<?xml version="1.0" encoding="UTF-8"?>
<robot generator="Robot 6.1.1 (Python 3.11.3 on win32)" generated="20230905 21:24:07.471" rpa="false" schemaversion="4">
<suite id="s1" name="TC suite" source="C:\Users\HP\PycharmProjects\RobotFramework\Testsuite\TC_suite.robot">
<kw name="Before Each Test Suite" library="Resources4" type="SETUP">
<kw name="Log" library="BuiltIn">
<arg>Before Each Test Suite</arg>
<doc>Logs the given message with the given level.</doc>
<msg timestamp="20230905 21:24:07.945" level="INFO">Before Each Test Suite</msg>
<status status="PASS" starttime="20230905 21:24:07.945" endtime="20230905 21:24:07.945"/>
</kw>
<status status="PASS" starttime="20230905 21:24:07.945" endtime="20230905 21:24:07.945"/>
</kw>
<test id="s1-t1" name="setup and teardown operation:" line="19">
<kw name="Start Browser and Maximize" library="Resources4" type="SETUP">
<kw name="Open Browser" library="SeleniumLibrary">
<arg>${URL}</arg>
<arg>${Browser}</arg>
<doc>Opens a new browser instance to the optional ``url``.</doc>
<msg timestamp="20230905 21:24:07.948" level="INFO">Opening browser 'Chrome' to base url 'https://practice.automationtesting.in/my-account/'.</msg>
<status status="PASS" starttime="20230905 21:24:07.947" endtime="20230905 21:25:23.438"/>
</kw>
<kw name="Maximize Browser Window" library="SeleniumLibrary">
<doc>Maximizes current browser window.</doc>
<status status="PASS" starttime="20230905 21:25:23.438" endtime="20230905 21:25:23.676"/>
</kw>
<status status="PASS" starttime="20230905 21:24:07.947" endtime="20230905 21:25:23.677"/>
</kw>
<kw name="Input Text" library="SeleniumLibrary">
<arg>id:username</arg>
<arg>varniktech@gmail.com</arg>
<doc>Types the given ``text`` into the text field identified by ``locator``.</doc>
<msg timestamp="20230905 21:25:23.689" level="INFO">Typing text 'varniktech@gmail.com' into text field 'id:username'.</msg>
<status status="PASS" starttime="20230905 21:25:23.685" endtime="20230905 21:25:24.655"/>
</kw>
<kw name="Input Text" library="SeleniumLibrary">
<arg>id:password</arg>
<arg>varnik@123</arg>
<doc>Types the given ``text`` into the text field identified by ``locator``.</doc>
<msg timestamp="20230905 21:25:24.656" level="INFO">Typing text 'varnik@123' into text field 'id:password'.</msg>
<status status="PASS" starttime="20230905 21:25:24.655" endtime="20230905 21:25:24.908"/>
</kw>
<kw name="Click Button" library="SeleniumLibrary">
<arg>name:login</arg>
<doc>Clicks the button identified by ``locator``.</doc>
<msg timestamp="20230905 21:25:24.909" level="INFO">Clicking button 'name:login'.</msg>
<status status="PASS" starttime="20230905 21:25:24.908" endtime="20230905 21:25:30.860"/>
</kw>
<kw name="close Browser Window" library="Resources4" type="TEARDOWN">
<kw name="Get Title" library="SeleniumLibrary">
<var>${Title}</var>
<doc>Returns the title of the current page.</doc>
<msg timestamp="20230905 21:25:31.041" level="INFO">${Title} = My Account – Automation Practice Site</msg>
<status status="PASS" starttime="20230905 21:25:30.891" endtime="20230905 21:25:31.049"/>
</kw>
<kw name="Log" library="BuiltIn">
<arg>${Title}</arg>
<doc>Logs the given message with the given level.</doc>
<msg timestamp="20230905 21:25:31.049" level="INFO">My Account – Automation Practice Site</msg>
<status status="PASS" starttime="20230905 21:25:31.049" endtime="20230905 21:25:31.050"/>
</kw>
<kw name="Close Browser" library="SeleniumLibrary">
<doc>Closes the current browser.</doc>
<status status="PASS" starttime="20230905 21:25:31.050" endtime="20230905 21:25:34.547"/>
</kw>
<status status="PASS" starttime="20230905 21:25:30.891" endtime="20230905 21:25:34.547"/>
</kw>
<status status="PASS" starttime="20230905 21:24:07.946" endtime="20230905 21:25:34.547"/>
</test>
<test id="s1-t2" name="Test case 2:" line="29">
<kw name="Start Browser and Maximize" library="Resources4" type="SETUP">
<kw name="Open Browser" library="SeleniumLibrary">
<arg>${URL}</arg>
<arg>${Browser}</arg>
<doc>Opens a new browser instance to the optional ``url``.</doc>
<msg timestamp="20230905 21:25:34.553" level="INFO">Opening browser 'Chrome' to base url 'https://practice.automationtesting.in/my-account/'.</msg>
<status status="PASS" starttime="20230905 21:25:34.551" endtime="20230905 21:25:47.684"/>
</kw>
<kw name="Maximize Browser Window" library="SeleniumLibrary">
<doc>Maximizes current browser window.</doc>
<status status="PASS" starttime="20230905 21:25:47.685" endtime="20230905 21:25:47.945"/>
</kw>
<status status="PASS" starttime="20230905 21:25:34.551" endtime="20230905 21:25:47.945"/>
</kw>
<kw name="Input Text" library="SeleniumLibrary">
<arg>id:username</arg>
<arg>varniktech@gmail.com</arg>
<doc>Types the given ``text`` into the text field identified by ``locator``.</doc>
<msg timestamp="20230905 21:25:47.950" level="INFO">Typing text 'varniktech@gmail.com' into text field 'id:username'.</msg>
<status status="PASS" starttime="20230905 21:25:47.949" endtime="20230905 21:25:48.352"/>
</kw>
<kw name="Input Text" library="SeleniumLibrary">
<arg>id:password</arg>
<arg>varnik@123</arg>
<doc>Types the given ``text`` into the text field identified by ``locator``.</doc>
<msg timestamp="20230905 21:25:48.353" level="INFO">Typing text 'varnik@123' into text field 'id:password'.</msg>
<status status="PASS" starttime="20230905 21:25:48.353" endtime="20230905 21:25:48.561"/>
</kw>
<kw name="Click Button" library="SeleniumLibrary">
<arg>name:login</arg>
<doc>Clicks the button identified by ``locator``.</doc>
<msg timestamp="20230905 21:25:48.562" level="INFO">Clicking button 'name:login'.</msg>
<status status="PASS" starttime="20230905 21:25:48.562" endtime="20230905 21:25:50.887"/>
</kw>
<kw name="close Browser Window" library="Resources4" type="TEARDOWN">
<kw name="Get Title" library="SeleniumLibrary">
<var>${Title}</var>
<doc>Returns the title of the current page.</doc>
<msg timestamp="20230905 21:25:50.902" level="INFO">${Title} = My Account – Automation Practice Site</msg>
<status status="PASS" starttime="20230905 21:25:50.890" endtime="20230905 21:25:50.902"/>
</kw>
<kw name="Log" library="BuiltIn">
<arg>${Title}</arg>
<doc>Logs the given message with the given level.</doc>
<msg timestamp="20230905 21:25:50.903" level="INFO">My Account – Automation Practice Site</msg>
<status status="PASS" starttime="20230905 21:25:50.903" endtime="20230905 21:25:50.903"/>
</kw>
<kw name="Close Browser" library="SeleniumLibrary">
<doc>Closes the current browser.</doc>
<status status="PASS" starttime="20230905 21:25:50.903" endtime="20230905 21:25:53.350"/>
</kw>
<status status="PASS" starttime="20230905 21:25:50.889" endtime="20230905 21:25:53.350"/>
</kw>
<status status="PASS" starttime="20230905 21:25:34.550" endtime="20230905 21:25:53.351"/>
</test>
<kw name="After Each Test Suite" library="Resources4" type="TEARDOWN">
<kw name="Log" library="BuiltIn">
<arg>After Each Test Suite</arg>
<doc>Logs the given message with the given level.</doc>
<msg timestamp="20230905 21:25:53.353" level="INFO">After Each Test Suite</msg>
<status status="PASS" starttime="20230905 21:25:53.353" endtime="20230905 21:25:53.353"/>
</kw>
<status status="PASS" starttime="20230905 21:25:53.352" endtime="20230905 21:25:53.353"/>
</kw>
<doc>This file having testcase of testing ABC functionality</doc>
<status status="PASS" starttime="20230905 21:24:07.475" endtime="20230905 21:25:53.353"/>
</suite>
<statistics>
<total>
<stat pass="2" fail="0" skip="0">All Tests</stat>
</total>
<tag>
</tag>
<suite>
<stat pass="2" fail="0" skip="0" id="s1" name="TC suite">TC suite</stat>
</suite>
</statistics>
<errors>
</errors>
</robot>
